<?xml version="1.0" encoding="UTF-8"?>
<testng-results ignored="0" total="1" passed="1" failed="0" skipped="0">
  <reporter-output>
  </reporter-output>
  <suite started-at="2022-08-16T19:39:52 IST" name="Default suite" finished-at="2022-08-16T19:39:55 IST" duration-ms="3155">
    <groups>
    </groups>
    <test started-at="2022-08-16T19:39:52 IST" name="Default test" finished-at="2022-08-16T19:39:55 IST" duration-ms="3155">
      <class name="com.PracticeProject.Demo.DemoTest">
        <test-method signature="DemoTest()[pri:0, instance:com.PracticeProject.Demo.DemoTest@3e84448c]" started-at="2022-08-16T19:39:52 IST" name="DemoTest" finished-at="2022-08-16T19:39:55 IST" duration-ms="3118" status="PASS">
          <reporter-output>
          </reporter-output>
        </test-method> <!-- DemoTest -->
      </class> <!-- com.PracticeProject.Demo.DemoTest -->
    </test> <!-- Default test -->
  </suite> <!-- Default suite -->
</testng-results>
